<?xml version="1.0" encoding="UTF-8"?>
<!-- Generated by org.testng.reporters.JUnitReportReporter -->
<testsuite hostname="rayaan" name="demo.BasicPage" tests="4" failures="0" timestamp="29 Nov 2018 16:48:07 GMT" time="75.448" errors="0">
  <testcase name="multiwindows" time="28.979" classname="demo.BasicPage"/>
  <testcase name="checkLanguage" time="15.866" classname="demo.BasicPage"/>
  <testcase name="openPage" time="15.695" classname="demo.BasicPage"/>
  <testcase name="scrollpage" time="14.908" classname="demo.BasicPage"/>
</testsuite> <!-- demo.BasicPage -->
