<?xml version="1.0" encoding="UTF-8"?>
<!-- Generated by org.testng.reporters.JUnitReportReporter -->
<testsuite hostname="rayaan" failures="0" tests="6" name="demotests.XenetaMediaResourcesPage" time="85.674" errors="0" timestamp="3 Dec 2018 02:02:05 GMT">
  <testcase classname="demotests.XenetaMediaResourcesPage" name="testImageThumbnail" time="13.446"/>
  <testcase classname="demotests.XenetaMediaResourcesPage" name="testOpenWebPage" time="13.078"/>
  <testcase classname="demotests.XenetaMediaResourcesPage" name="testScrollWebPage" time="11.670"/>
  <testcase classname="demotests.XenetaMediaResourcesPage" name="testDownload" time="14.766"/>
  <testcase classname="demotests.XenetaMediaResourcesPage" name="testLanguage" time="18.064"/>
  <testcase classname="demotests.XenetaMediaResourcesPage" name="testTakeScreenshot" time="14.650"/>
</testsuite> <!-- demotests.XenetaMediaResourcesPage -->
