<?xml version="1.0" encoding="UTF-8"?>
<!-- Generated by org.testng.reporters.JUnitReportReporter -->
<testsuite hostname="rayaan" name="demo.RequestXeneta" tests="1" failures="0" timestamp="30 Nov 2018 04:06:42 GMT" time="20.924" errors="0">
  <testcase name="playVideo" time="20.924" classname="demo.RequestXeneta"/>
</testsuite> <!-- demo.RequestXeneta -->
